284315 DEBUG [2019-08-14 19:41:02]  TemplateLoader.findTemplateSource("success_zh_CN.ftl"): Not found
284316 DEBUG [2019-08-14 19:41:02]  TemplateLoader.findTemplateSource("success_zh.ftl"): Not found
284317 DEBUG [2019-08-14 19:41:02]  TemplateLoader.findTemplateSource("success.ftl"): Not found
284317 DEBUG [2019-08-14 19:41:02]  "success.ftl"("zh_CN", UTF-8, parsed) no source found.
284333 DEBUG [2019-08-14 19:41:02]  TemplateLoader.findTemplateSource("error_zh_CN.ftl"): Not found
284334 DEBUG [2019-08-14 19:41:02]  TemplateLoader.findTemplateSource("error_zh.ftl"): Not found
284335 DEBUG [2019-08-14 19:41:02]  TemplateLoader.findTemplateSource("error.ftl"): Found
284337 DEBUG [2019-08-14 19:41:02]  "error.ftl"("zh_CN", UTF-8, parsed): using cached since E:\ShopMall\shopping-parent\shopping-pc-web\target\classes\templates\error.ftl hasn't changed.
284339 DEBUG [2019-08-14 19:41:02]  "error.ftl"("zh_CN", UTF-8, parsed) cached copy not yet stale; using cached.
284339 ERROR [2019-08-14 19:41:02]  Error executing FreeMarker template
FreeMarker template error:
The following has evaluated to null or missing:
==> errorMsg  [in template "error.ftl" at line 2, column 6]

----
Tip: If the failing expression is known to be legally refer to something that's sometimes null or missing, either specify a default value like myOptionalVar!myDefault, or use <#if myOptionalVar??>when-present<#else>when-missing</#if>. (These only cover the last step of the expression; to cover the whole expression, use parenthesis: (myOptionalVar.foo)!myDefault, (myOptionalVar.foo)??
----

----
FTL stack trace ("~" means nesting-related):
	- Failed at: ${errorMsg}  [in template "error.ftl" at line 2, column 4]
----

Java stack trace (for programmers):
----
freemarker.core.InvalidReferenceException: [... Exception message was already printed; see it above ...]
	at freemarker.core.InvalidReferenceException.getInstance(InvalidReferenceException.java:134)
	at freemarker.core.EvalUtil.coerceModelToTextualCommon(EvalUtil.java:465)
	at freemarker.core.EvalUtil.coerceModelToStringOrMarkup(EvalUtil.java:387)
	at freemarker.core.EvalUtil.coerceModelToStringOrMarkup(EvalUtil.java:356)
	at freemarker.core.DollarVariable.calculateInterpolatedStringOrMarkup(DollarVariable.java:96)
	at freemarker.core.DollarVariable.accept(DollarVariable.java:59)
	at freemarker.core.Environment.visit(Environment.java:326)
	at freemarker.core.Environment.visit(Environment.java:332)
	at freemarker.core.Environment.process(Environment.java:305)
	at freemarker.template.Template.process(Template.java:378)
	at org.springframework.web.servlet.view.freemarker.FreeMarkerView.processTemplate(FreeMarkerView.java:367)
	at org.springframework.web.servlet.view.freemarker.FreeMarkerView.doRender(FreeMarkerView.java:284)
	at org.springframework.web.servlet.view.freemarker.FreeMarkerView.renderMergedTemplateModel(FreeMarkerView.java:234)
	at org.springframework.web.servlet.view.AbstractTemplateView.renderMergedOutputModel(AbstractTemplateView.java:167)
	at org.springframework.web.servlet.view.AbstractView.render(AbstractView.java:303)
	at org.springframework.web.servlet.DispatcherServlet.render(DispatcherServlet.java:1282)
	at org.springframework.web.servlet.DispatcherServlet.processDispatchResult(DispatcherServlet.java:1037)
	at org.springframework.web.servlet.DispatcherServlet.doDispatch(DispatcherServlet.java:980)
	at org.springframework.web.servlet.DispatcherServlet.doService(DispatcherServlet.java:897)
	at org.springframework.web.servlet.FrameworkServlet.processRequest(FrameworkServlet.java:970)
	at org.springframework.web.servlet.FrameworkServlet.doGet(FrameworkServlet.java:861)
	at javax.servlet.http.HttpServlet.service(HttpServlet.java:635)
	at org.springframework.web.servlet.FrameworkServlet.service(FrameworkServlet.java:846)
	at javax.servlet.http.HttpServlet.service(HttpServlet.java:742)
	at org.apache.catalina.core.ApplicationFilterChain.internalDoFilter(ApplicationFilterChain.java:231)
	at org.apache.catalina.core.ApplicationFilterChain.doFilter(ApplicationFilterChain.java:166)
	at org.apache.catalina.core.ApplicationDispatcher.invoke(ApplicationDispatcher.java:728)
	at org.apache.catalina.core.ApplicationDispatcher.processRequest(ApplicationDispatcher.java:469)
	at org.apache.catalina.core.ApplicationDispatcher.doForward(ApplicationDispatcher.java:392)
	at org.apache.catalina.core.ApplicationDispatcher.forward(ApplicationDispatcher.java:311)
	at org.apache.catalina.core.StandardHostValve.custom(StandardHostValve.java:395)
	at org.apache.catalina.core.StandardHostValve.status(StandardHostValve.java:254)
	at org.apache.catalina.core.StandardHostValve.invoke(StandardHostValve.java:177)
	at org.apache.catalina.valves.ErrorReportValve.invoke(ErrorReportValve.java:80)
	at org.apache.catalina.core.StandardEngineValve.invoke(StandardEngineValve.java:87)
	at org.apache.catalina.connector.CoyoteAdapter.service(CoyoteAdapter.java:342)
	at org.apache.coyote.http11.Http11Processor.service(Http11Processor.java:799)
	at org.apache.coyote.AbstractProcessorLight.process(AbstractProcessorLight.java:66)
	at org.apache.coyote.AbstractProtocol$ConnectionHandler.process(AbstractProtocol.java:861)
	at org.apache.tomcat.util.net.NioEndpoint$SocketProcessor.doRun(NioEndpoint.java:1455)
	at org.apache.tomcat.util.net.SocketProcessorBase.run(SocketProcessorBase.java:49)
	at java.util.concurrent.ThreadPoolExecutor.runWorker(ThreadPoolExecutor.java:1142)
	at java.util.concurrent.ThreadPoolExecutor$Worker.run(ThreadPoolExecutor.java:617)
	at org.apache.tomcat.util.threads.TaskThread$WrappingRunnable.run(TaskThread.java:61)
	at java.lang.Thread.run(Thread.java:745)
546888 DEBUG [2019-08-14 19:45:24]  TemplateLoader.findTemplateSource("error_zh_CN.ftl"): Not found
546889 DEBUG [2019-08-14 19:45:24]  TemplateLoader.findTemplateSource("error_zh.ftl"): Not found
546889 DEBUG [2019-08-14 19:45:24]  TemplateLoader.findTemplateSource("error.ftl"): Found
546889 DEBUG [2019-08-14 19:45:24]  "error.ftl"("zh_CN", UTF-8, parsed): using cached since E:\ShopMall\shopping-parent\shopping-pc-web\target\classes\templates\error.ftl hasn't changed.
546890 DEBUG [2019-08-14 19:45:24]  "error.ftl"("zh_CN", UTF-8, parsed) cached copy not yet stale; using cached.
546890 ERROR [2019-08-14 19:45:24]  Error executing FreeMarker template
FreeMarker template error:
The following has evaluated to null or missing:
==> errorMsg  [in template "error.ftl" at line 2, column 6]

----
Tip: If the failing expression is known to be legally refer to something that's sometimes null or missing, either specify a default value like myOptionalVar!myDefault, or use <#if myOptionalVar??>when-present<#else>when-missing</#if>. (These only cover the last step of the expression; to cover the whole expression, use parenthesis: (myOptionalVar.foo)!myDefault, (myOptionalVar.foo)??
----

----
FTL stack trace ("~" means nesting-related):
	- Failed at: ${errorMsg}  [in template "error.ftl" at line 2, column 4]
----

Java stack trace (for programmers):
----
freemarker.core.InvalidReferenceException: [... Exception message was already printed; see it above ...]
	at freemarker.core.InvalidReferenceException.getInstance(InvalidReferenceException.java:134)
	at freemarker.core.EvalUtil.coerceModelToTextualCommon(EvalUtil.java:465)
	at freemarker.core.EvalUtil.coerceModelToStringOrMarkup(EvalUtil.java:387)
	at freemarker.core.EvalUtil.coerceModelToStringOrMarkup(EvalUtil.java:356)
	at freemarker.core.DollarVariable.calculateInterpolatedStringOrMarkup(DollarVariable.java:96)
	at freemarker.core.DollarVariable.accept(DollarVariable.java:59)
	at freemarker.core.Environment.visit(Environment.java:326)
	at freemarker.core.Environment.visit(Environment.java:332)
	at freemarker.core.Environment.process(Environment.java:305)
	at freemarker.template.Template.process(Template.java:378)
	at org.springframework.web.servlet.view.freemarker.FreeMarkerView.processTemplate(FreeMarkerView.java:367)
	at org.springframework.web.servlet.view.freemarker.FreeMarkerView.doRender(FreeMarkerView.java:284)
	at org.springframework.web.servlet.view.freemarker.FreeMarkerView.renderMergedTemplateModel(FreeMarkerView.java:234)
	at org.springframework.web.servlet.view.AbstractTemplateView.renderMergedOutputModel(AbstractTemplateView.java:167)
	at org.springframework.web.servlet.view.AbstractView.render(AbstractView.java:303)
	at org.springframework.web.servlet.DispatcherServlet.render(DispatcherServlet.java:1282)
	at org.springframework.web.servlet.DispatcherServlet.processDispatchResult(DispatcherServlet.java:1037)
	at org.springframework.web.servlet.DispatcherServlet.doDispatch(DispatcherServlet.java:980)
	at org.springframework.web.servlet.DispatcherServlet.doService(DispatcherServlet.java:897)
	at org.springframework.web.servlet.FrameworkServlet.processRequest(FrameworkServlet.java:970)
	at org.springframework.web.servlet.FrameworkServlet.doGet(FrameworkServlet.java:861)
	at javax.servlet.http.HttpServlet.service(HttpServlet.java:635)
	at org.springframework.web.servlet.FrameworkServlet.service(FrameworkServlet.java:846)
	at javax.servlet.http.HttpServlet.service(HttpServlet.java:742)
	at org.apache.catalina.core.ApplicationFilterChain.internalDoFilter(ApplicationFilterChain.java:231)
	at org.apache.catalina.core.ApplicationFilterChain.doFilter(ApplicationFilterChain.java:166)
	at org.apache.catalina.core.ApplicationDispatcher.invoke(ApplicationDispatcher.java:728)
	at org.apache.catalina.core.ApplicationDispatcher.processRequest(ApplicationDispatcher.java:469)
	at org.apache.catalina.core.ApplicationDispatcher.doForward(ApplicationDispatcher.java:392)
	at org.apache.catalina.core.ApplicationDispatcher.forward(ApplicationDispatcher.java:311)
	at org.apache.catalina.core.StandardHostValve.custom(StandardHostValve.java:395)
	at org.apache.catalina.core.StandardHostValve.status(StandardHostValve.java:254)
	at org.apache.catalina.core.StandardHostValve.throwable(StandardHostValve.java:349)
	at org.apache.catalina.core.StandardHostValve.invoke(StandardHostValve.java:175)
	at org.apache.catalina.valves.ErrorReportValve.invoke(ErrorReportValve.java:80)
	at org.apache.catalina.core.StandardEngineValve.invoke(StandardEngineValve.java:87)
	at org.apache.catalina.connector.CoyoteAdapter.service(CoyoteAdapter.java:342)
	at org.apache.coyote.http11.Http11Processor.service(Http11Processor.java:799)
	at org.apache.coyote.AbstractProcessorLight.process(AbstractProcessorLight.java:66)
	at org.apache.coyote.AbstractProtocol$ConnectionHandler.process(AbstractProtocol.java:861)
	at org.apache.tomcat.util.net.NioEndpoint$SocketProcessor.doRun(NioEndpoint.java:1455)
	at org.apache.tomcat.util.net.SocketProcessorBase.run(SocketProcessorBase.java:49)
	at java.util.concurrent.ThreadPoolExecutor.runWorker(ThreadPoolExecutor.java:1142)
	at java.util.concurrent.ThreadPoolExecutor$Worker.run(ThreadPoolExecutor.java:617)
	at org.apache.tomcat.util.threads.TaskThread$WrappingRunnable.run(TaskThread.java:61)
	at java.lang.Thread.run(Thread.java:745)
655318 DEBUG [2019-08-14 19:47:13]  TemplateLoader.findTemplateSource("error_zh_CN.ftl"): Not found
655319 DEBUG [2019-08-14 19:47:13]  TemplateLoader.findTemplateSource("error_zh.ftl"): Not found
655319 DEBUG [2019-08-14 19:47:13]  TemplateLoader.findTemplateSource("error.ftl"): Found
655319 DEBUG [2019-08-14 19:47:13]  "error.ftl"("zh_CN", UTF-8, parsed): using cached since E:\ShopMall\shopping-parent\shopping-pc-web\target\classes\templates\error.ftl hasn't changed.
655319 DEBUG [2019-08-14 19:47:13]  "error.ftl"("zh_CN", UTF-8, parsed) cached copy not yet stale; using cached.
655319 ERROR [2019-08-14 19:47:13]  Error executing FreeMarker template
FreeMarker template error:
The following has evaluated to null or missing:
==> errorMsg  [in template "error.ftl" at line 2, column 6]

----
Tip: If the failing expression is known to be legally refer to something that's sometimes null or missing, either specify a default value like myOptionalVar!myDefault, or use <#if myOptionalVar??>when-present<#else>when-missing</#if>. (These only cover the last step of the expression; to cover the whole expression, use parenthesis: (myOptionalVar.foo)!myDefault, (myOptionalVar.foo)??
----

----
FTL stack trace ("~" means nesting-related):
	- Failed at: ${errorMsg}  [in template "error.ftl" at line 2, column 4]
----

Java stack trace (for programmers):
----
freemarker.core.InvalidReferenceException: [... Exception message was already printed; see it above ...]
	at freemarker.core.InvalidReferenceException.getInstance(InvalidReferenceException.java:134)
	at freemarker.core.EvalUtil.coerceModelToTextualCommon(EvalUtil.java:465)
	at freemarker.core.EvalUtil.coerceModelToStringOrMarkup(EvalUtil.java:387)
	at freemarker.core.EvalUtil.coerceModelToStringOrMarkup(EvalUtil.java:356)
	at freemarker.core.DollarVariable.calculateInterpolatedStringOrMarkup(DollarVariable.java:96)
	at freemarker.core.DollarVariable.accept(DollarVariable.java:59)
	at freemarker.core.Environment.visit(Environment.java:326)
	at freemarker.core.Environment.visit(Environment.java:332)
	at freemarker.core.Environment.process(Environment.java:305)
	at freemarker.template.Template.process(Template.java:378)
	at org.springframework.web.servlet.view.freemarker.FreeMarkerView.processTemplate(FreeMarkerView.java:367)
	at org.springframework.web.servlet.view.freemarker.FreeMarkerView.doRender(FreeMarkerView.java:284)
	at org.springframework.web.servlet.view.freemarker.FreeMarkerView.renderMergedTemplateModel(FreeMarkerView.java:234)
	at org.springframework.web.servlet.view.AbstractTemplateView.renderMergedOutputModel(AbstractTemplateView.java:167)
	at org.springframework.web.servlet.view.AbstractView.render(AbstractView.java:303)
	at org.springframework.web.servlet.DispatcherServlet.render(DispatcherServlet.java:1282)
	at org.springframework.web.servlet.DispatcherServlet.processDispatchResult(DispatcherServlet.java:1037)
	at org.springframework.web.servlet.DispatcherServlet.doDispatch(DispatcherServlet.java:980)
	at org.springframework.web.servlet.DispatcherServlet.doService(DispatcherServlet.java:897)
	at org.springframework.web.servlet.FrameworkServlet.processRequest(FrameworkServlet.java:970)
	at org.springframework.web.servlet.FrameworkServlet.doGet(FrameworkServlet.java:861)
	at javax.servlet.http.HttpServlet.service(HttpServlet.java:635)
	at org.springframework.web.servlet.FrameworkServlet.service(FrameworkServlet.java:846)
	at javax.servlet.http.HttpServlet.service(HttpServlet.java:742)
	at org.apache.catalina.core.ApplicationFilterChain.internalDoFilter(ApplicationFilterChain.java:231)
	at org.apache.catalina.core.ApplicationFilterChain.doFilter(ApplicationFilterChain.java:166)
	at org.apache.catalina.core.ApplicationDispatcher.invoke(ApplicationDispatcher.java:728)
	at org.apache.catalina.core.ApplicationDispatcher.processRequest(ApplicationDispatcher.java:469)
	at org.apache.catalina.core.ApplicationDispatcher.doForward(ApplicationDispatcher.java:392)
	at org.apache.catalina.core.ApplicationDispatcher.forward(ApplicationDispatcher.java:311)
	at org.apache.catalina.core.StandardHostValve.custom(StandardHostValve.java:395)
	at org.apache.catalina.core.StandardHostValve.status(StandardHostValve.java:254)
	at org.apache.catalina.core.StandardHostValve.throwable(StandardHostValve.java:349)
	at org.apache.catalina.core.StandardHostValve.invoke(StandardHostValve.java:175)
	at org.apache.catalina.valves.ErrorReportValve.invoke(ErrorReportValve.java:80)
	at org.apache.catalina.core.StandardEngineValve.invoke(StandardEngineValve.java:87)
	at org.apache.catalina.connector.CoyoteAdapter.service(CoyoteAdapter.java:342)
	at org.apache.coyote.http11.Http11Processor.service(Http11Processor.java:799)
	at org.apache.coyote.AbstractProcessorLight.process(AbstractProcessorLight.java:66)
	at org.apache.coyote.AbstractProtocol$ConnectionHandler.process(AbstractProtocol.java:861)
	at org.apache.tomcat.util.net.NioEndpoint$SocketProcessor.doRun(NioEndpoint.java:1455)
	at org.apache.tomcat.util.net.SocketProcessorBase.run(SocketProcessorBase.java:49)
	at java.util.concurrent.ThreadPoolExecutor.runWorker(ThreadPoolExecutor.java:1142)
	at java.util.concurrent.ThreadPoolExecutor$Worker.run(ThreadPoolExecutor.java:617)
	at org.apache.tomcat.util.threads.TaskThread$WrappingRunnable.run(TaskThread.java:61)
	at java.lang.Thread.run(Thread.java:745)
772273 DEBUG [2019-08-14 19:49:10]  TemplateLoader.findTemplateSource("success_zh_CN.ftl"): Not found
772274 DEBUG [2019-08-14 19:49:10]  TemplateLoader.findTemplateSource("success_zh.ftl"): Not found
772274 DEBUG [2019-08-14 19:49:10]  TemplateLoader.findTemplateSource("success.ftl"): Not found
772274 DEBUG [2019-08-14 19:49:10]  "success.ftl"("zh_CN", UTF-8, parsed) no source found.
772287 DEBUG [2019-08-14 19:49:10]  TemplateLoader.findTemplateSource("error_zh_CN.ftl"): Not found
772287 DEBUG [2019-08-14 19:49:10]  TemplateLoader.findTemplateSource("error_zh.ftl"): Not found
772288 DEBUG [2019-08-14 19:49:10]  TemplateLoader.findTemplateSource("error.ftl"): Found
772288 DEBUG [2019-08-14 19:49:10]  "error.ftl"("zh_CN", UTF-8, parsed): using cached since E:\ShopMall\shopping-parent\shopping-pc-web\target\classes\templates\error.ftl hasn't changed.
772288 DEBUG [2019-08-14 19:49:10]  "error.ftl"("zh_CN", UTF-8, parsed) cached copy not yet stale; using cached.
772288 ERROR [2019-08-14 19:49:10]  Error executing FreeMarker template
FreeMarker template error:
The following has evaluated to null or missing:
==> errorMsg  [in template "error.ftl" at line 2, column 6]

----
Tip: If the failing expression is known to be legally refer to something that's sometimes null or missing, either specify a default value like myOptionalVar!myDefault, or use <#if myOptionalVar??>when-present<#else>when-missing</#if>. (These only cover the last step of the expression; to cover the whole expression, use parenthesis: (myOptionalVar.foo)!myDefault, (myOptionalVar.foo)??
----

----
FTL stack trace ("~" means nesting-related):
	- Failed at: ${errorMsg}  [in template "error.ftl" at line 2, column 4]
----

Java stack trace (for programmers):
----
freemarker.core.InvalidReferenceException: [... Exception message was already printed; see it above ...]
	at freemarker.core.InvalidReferenceException.getInstance(InvalidReferenceException.java:134)
	at freemarker.core.EvalUtil.coerceModelToTextualCommon(EvalUtil.java:465)
	at freemarker.core.EvalUtil.coerceModelToStringOrMarkup(EvalUtil.java:387)
	at freemarker.core.EvalUtil.coerceModelToStringOrMarkup(EvalUtil.java:356)
	at freemarker.core.DollarVariable.calculateInterpolatedStringOrMarkup(DollarVariable.java:96)
	at freemarker.core.DollarVariable.accept(DollarVariable.java:59)
	at freemarker.core.Environment.visit(Environment.java:326)
	at freemarker.core.Environment.visit(Environment.java:332)
	at freemarker.core.Environment.process(Environment.java:305)
	at freemarker.template.Template.process(Template.java:378)
	at org.springframework.web.servlet.view.freemarker.FreeMarkerView.processTemplate(FreeMarkerView.java:367)
	at org.springframework.web.servlet.view.freemarker.FreeMarkerView.doRender(FreeMarkerView.java:284)
	at org.springframework.web.servlet.view.freemarker.FreeMarkerView.renderMergedTemplateModel(FreeMarkerView.java:234)
	at org.springframework.web.servlet.view.AbstractTemplateView.renderMergedOutputModel(AbstractTemplateView.java:167)
	at org.springframework.web.servlet.view.AbstractView.render(AbstractView.java:303)
	at org.springframework.web.servlet.DispatcherServlet.render(DispatcherServlet.java:1282)
	at org.springframework.web.servlet.DispatcherServlet.processDispatchResult(DispatcherServlet.java:1037)
	at org.springframework.web.servlet.DispatcherServlet.doDispatch(DispatcherServlet.java:980)
	at org.springframework.web.servlet.DispatcherServlet.doService(DispatcherServlet.java:897)
	at org.springframework.web.servlet.FrameworkServlet.processRequest(FrameworkServlet.java:970)
	at org.springframework.web.servlet.FrameworkServlet.doGet(FrameworkServlet.java:861)
	at javax.servlet.http.HttpServlet.service(HttpServlet.java:635)
	at org.springframework.web.servlet.FrameworkServlet.service(FrameworkServlet.java:846)
	at javax.servlet.http.HttpServlet.service(HttpServlet.java:742)
	at org.apache.catalina.core.ApplicationFilterChain.internalDoFilter(ApplicationFilterChain.java:231)
	at org.apache.catalina.core.ApplicationFilterChain.doFilter(ApplicationFilterChain.java:166)
	at org.apache.catalina.core.ApplicationDispatcher.invoke(ApplicationDispatcher.java:728)
	at org.apache.catalina.core.ApplicationDispatcher.processRequest(ApplicationDispatcher.java:469)
	at org.apache.catalina.core.ApplicationDispatcher.doForward(ApplicationDispatcher.java:392)
	at org.apache.catalina.core.ApplicationDispatcher.forward(ApplicationDispatcher.java:311)
	at org.apache.catalina.core.StandardHostValve.custom(StandardHostValve.java:395)
	at org.apache.catalina.core.StandardHostValve.status(StandardHostValve.java:254)
	at org.apache.catalina.core.StandardHostValve.invoke(StandardHostValve.java:177)
	at org.apache.catalina.valves.ErrorReportValve.invoke(ErrorReportValve.java:80)
	at org.apache.catalina.core.StandardEngineValve.invoke(StandardEngineValve.java:87)
	at org.apache.catalina.connector.CoyoteAdapter.service(CoyoteAdapter.java:342)
	at org.apache.coyote.http11.Http11Processor.service(Http11Processor.java:799)
	at org.apache.coyote.AbstractProcessorLight.process(AbstractProcessorLight.java:66)
	at org.apache.coyote.AbstractProtocol$ConnectionHandler.process(AbstractProtocol.java:861)
	at org.apache.tomcat.util.net.NioEndpoint$SocketProcessor.doRun(NioEndpoint.java:1455)
	at org.apache.tomcat.util.net.SocketProcessorBase.run(SocketProcessorBase.java:49)
	at java.util.concurrent.ThreadPoolExecutor.runWorker(ThreadPoolExecutor.java:1142)
	at java.util.concurrent.ThreadPoolExecutor$Worker.run(ThreadPoolExecutor.java:617)
	at org.apache.tomcat.util.threads.TaskThread$WrappingRunnable.run(TaskThread.java:61)
	at java.lang.Thread.run(Thread.java:745)
1046949 DEBUG [2019-08-14 19:53:44]  TemplateLoader.findTemplateSource("error_zh_CN.ftl"): Not found
1046950 DEBUG [2019-08-14 19:53:44]  TemplateLoader.findTemplateSource("error_zh.ftl"): Not found
1046951 DEBUG [2019-08-14 19:53:44]  TemplateLoader.findTemplateSource("error.ftl"): Found
1046952 DEBUG [2019-08-14 19:53:44]  "error.ftl"("zh_CN", UTF-8, parsed): using cached since E:\ShopMall\shopping-parent\shopping-pc-web\target\classes\templates\error.ftl hasn't changed.
1046952 DEBUG [2019-08-14 19:53:44]  "error.ftl"("zh_CN", UTF-8, parsed) cached copy not yet stale; using cached.
1046953 ERROR [2019-08-14 19:53:44]  Error executing FreeMarker template
FreeMarker template error:
The following has evaluated to null or missing:
==> errorMsg  [in template "error.ftl" at line 2, column 6]

----
Tip: If the failing expression is known to be legally refer to something that's sometimes null or missing, either specify a default value like myOptionalVar!myDefault, or use <#if myOptionalVar??>when-present<#else>when-missing</#if>. (These only cover the last step of the expression; to cover the whole expression, use parenthesis: (myOptionalVar.foo)!myDefault, (myOptionalVar.foo)??
----

----
FTL stack trace ("~" means nesting-related):
	- Failed at: ${errorMsg}  [in template "error.ftl" at line 2, column 4]
----

Java stack trace (for programmers):
----
freemarker.core.InvalidReferenceException: [... Exception message was already printed; see it above ...]
	at freemarker.core.InvalidReferenceException.getInstance(InvalidReferenceException.java:134)
	at freemarker.core.EvalUtil.coerceModelToTextualCommon(EvalUtil.java:465)
	at freemarker.core.EvalUtil.coerceModelToStringOrMarkup(EvalUtil.java:387)
	at freemarker.core.EvalUtil.coerceModelToStringOrMarkup(EvalUtil.java:356)
	at freemarker.core.DollarVariable.calculateInterpolatedStringOrMarkup(DollarVariable.java:96)
	at freemarker.core.DollarVariable.accept(DollarVariable.java:59)
	at freemarker.core.Environment.visit(Environment.java:326)
	at freemarker.core.Environment.visit(Environment.java:332)
	at freemarker.core.Environment.process(Environment.java:305)
	at freemarker.template.Template.process(Template.java:378)
	at org.springframework.web.servlet.view.freemarker.FreeMarkerView.processTemplate(FreeMarkerView.java:367)
	at org.springframework.web.servlet.view.freemarker.FreeMarkerView.doRender(FreeMarkerView.java:284)
	at org.springframework.web.servlet.view.freemarker.FreeMarkerView.renderMergedTemplateModel(FreeMarkerView.java:234)
	at org.springframework.web.servlet.view.AbstractTemplateView.renderMergedOutputModel(AbstractTemplateView.java:167)
	at org.springframework.web.servlet.view.AbstractView.render(AbstractView.java:303)
	at org.springframework.web.servlet.DispatcherServlet.render(DispatcherServlet.java:1282)
	at org.springframework.web.servlet.DispatcherServlet.processDispatchResult(DispatcherServlet.java:1037)
	at org.springframework.web.servlet.DispatcherServlet.doDispatch(DispatcherServlet.java:980)
	at org.springframework.web.servlet.DispatcherServlet.doService(DispatcherServlet.java:897)
	at org.springframework.web.servlet.FrameworkServlet.processRequest(FrameworkServlet.java:970)
	at org.springframework.web.servlet.FrameworkServlet.doGet(FrameworkServlet.java:861)
	at javax.servlet.http.HttpServlet.service(HttpServlet.java:635)
	at org.springframework.web.servlet.FrameworkServlet.service(FrameworkServlet.java:846)
	at javax.servlet.http.HttpServlet.service(HttpServlet.java:742)
	at org.apache.catalina.core.ApplicationFilterChain.internalDoFilter(ApplicationFilterChain.java:231)
	at org.apache.catalina.core.ApplicationFilterChain.doFilter(ApplicationFilterChain.java:166)
	at org.apache.catalina.core.ApplicationDispatcher.invoke(ApplicationDispatcher.java:728)
	at org.apache.catalina.core.ApplicationDispatcher.processRequest(ApplicationDispatcher.java:469)
	at org.apache.catalina.core.ApplicationDispatcher.doForward(ApplicationDispatcher.java:392)
	at org.apache.catalina.core.ApplicationDispatcher.forward(ApplicationDispatcher.java:311)
	at org.apache.catalina.core.StandardHostValve.custom(StandardHostValve.java:395)
	at org.apache.catalina.core.StandardHostValve.status(StandardHostValve.java:254)
	at org.apache.catalina.core.StandardHostValve.throwable(StandardHostValve.java:349)
	at org.apache.catalina.core.StandardHostValve.invoke(StandardHostValve.java:175)
	at org.apache.catalina.valves.ErrorReportValve.invoke(ErrorReportValve.java:80)
	at org.apache.catalina.core.StandardEngineValve.invoke(StandardEngineValve.java:87)
	at org.apache.catalina.connector.CoyoteAdapter.service(CoyoteAdapter.java:342)
	at org.apache.coyote.http11.Http11Processor.service(Http11Processor.java:799)
	at org.apache.coyote.AbstractProcessorLight.process(AbstractProcessorLight.java:66)
	at org.apache.coyote.AbstractProtocol$ConnectionHandler.process(AbstractProtocol.java:861)
	at org.apache.tomcat.util.net.NioEndpoint$SocketProcessor.doRun(NioEndpoint.java:1455)
	at org.apache.tomcat.util.net.SocketProcessorBase.run(SocketProcessorBase.java:49)
	at java.util.concurrent.ThreadPoolExecutor.runWorker(ThreadPoolExecutor.java:1142)
	at java.util.concurrent.ThreadPoolExecutor$Worker.run(ThreadPoolExecutor.java:617)
	at org.apache.tomcat.util.threads.TaskThread$WrappingRunnable.run(TaskThread.java:61)
	at java.lang.Thread.run(Thread.java:745)
1453805 DEBUG [2019-08-14 20:00:31]  Couldn't find template in cache for "login.ftl"("zh_CN", UTF-8, parsed); will try to load it.
1453806 DEBUG [2019-08-14 20:00:31]  TemplateLoader.findTemplateSource("login_zh_CN.ftl"): Not found
1453806 DEBUG [2019-08-14 20:00:31]  TemplateLoader.findTemplateSource("login_zh.ftl"): Not found
1453807 DEBUG [2019-08-14 20:00:31]  TemplateLoader.findTemplateSource("login.ftl"): Found
1453807 DEBUG [2019-08-14 20:00:31]  Loading template for "login.ftl"("zh_CN", UTF-8, parsed) from "E:\\ShopMall\\shopping-parent\\shopping-pc-web\\target\\classes\\templates\\login.ftl"
1453838 DEBUG [2019-08-14 20:00:31]  "login.ftl"("zh_CN", UTF-8, parsed) cached copy not yet stale; using cached.
1661605 DEBUG [2019-08-14 20:03:59]  Couldn't find template in cache for "success.ftl"("zh_CN", UTF-8, parsed); will try to load it.
1661606 DEBUG [2019-08-14 20:03:59]  TemplateLoader.findTemplateSource("success_zh_CN.ftl"): Not found
1661606 DEBUG [2019-08-14 20:03:59]  TemplateLoader.findTemplateSource("success_zh.ftl"): Not found
1661606 DEBUG [2019-08-14 20:03:59]  TemplateLoader.findTemplateSource("success.ftl"): Not found
1678418 DEBUG [2019-08-14 20:04:16]  Couldn't find template in cache for "pay_success.ftl"("zh_CN", UTF-8, parsed); will try to load it.
1678419 DEBUG [2019-08-14 20:04:16]  TemplateLoader.findTemplateSource("pay_success_zh_CN.ftl"): Not found
1678419 DEBUG [2019-08-14 20:04:16]  TemplateLoader.findTemplateSource("pay_success_zh.ftl"): Not found
1678419 DEBUG [2019-08-14 20:04:16]  TemplateLoader.findTemplateSource("pay_success.ftl"): Found
1678420 DEBUG [2019-08-14 20:04:16]  Loading template for "pay_success.ftl"("zh_CN", UTF-8, parsed) from "E:\\ShopMall\\shopping-parent\\shopping-pc-web\\target\\classes\\templates\\pay_success.ftl"
1678422 DEBUG [2019-08-14 20:04:16]  Couldn't find template in cache for "pay_success.html.ftl"("zh_CN", UTF-8, parsed); will try to load it.
1678422 DEBUG [2019-08-14 20:04:16]  TemplateLoader.findTemplateSource("pay_success.html_zh_CN.ftl"): Not found
1678422 DEBUG [2019-08-14 20:04:16]  TemplateLoader.findTemplateSource("pay_success.html_zh.ftl"): Not found
1678422 DEBUG [2019-08-14 20:04:16]  TemplateLoader.findTemplateSource("pay_success.html.ftl"): Not found
1678423 DEBUG [2019-08-14 20:04:16]  "pay_success.ftl"("zh_CN", UTF-8, parsed) cached copy not yet stale; using cached.
1887036 DEBUG [2019-08-14 20:07:44]  TemplateLoader.findTemplateSource("pay_success_zh_CN.ftl"): Not found
1887037 DEBUG [2019-08-14 20:07:44]  TemplateLoader.findTemplateSource("pay_success_zh.ftl"): Not found
1887038 DEBUG [2019-08-14 20:07:44]  TemplateLoader.findTemplateSource("pay_success.ftl"): Found
1887038 DEBUG [2019-08-14 20:07:44]  "pay_success.ftl"("zh_CN", UTF-8, parsed): using cached since E:\ShopMall\shopping-parent\shopping-pc-web\target\classes\templates\pay_success.ftl hasn't changed.
1887041 DEBUG [2019-08-14 20:07:44]  TemplateLoader.findTemplateSource("pay_success.html_zh_CN.ftl"): Not found
1887042 DEBUG [2019-08-14 20:07:44]  TemplateLoader.findTemplateSource("pay_success.html_zh.ftl"): Not found
1887044 DEBUG [2019-08-14 20:07:44]  TemplateLoader.findTemplateSource("pay_success.html.ftl"): Not found
1887045 DEBUG [2019-08-14 20:07:44]  "pay_success.html.ftl"("zh_CN", UTF-8, parsed) no source found.
1887047 DEBUG [2019-08-14 20:07:44]  "pay_success.ftl"("zh_CN", UTF-8, parsed) cached copy not yet stale; using cached.
2063806 DEBUG [2019-08-14 20:10:41]  TemplateLoader.findTemplateSource("pay_success_zh_CN.ftl"): Not found
2063807 DEBUG [2019-08-14 20:10:41]  TemplateLoader.findTemplateSource("pay_success_zh.ftl"): Not found
2063808 DEBUG [2019-08-14 20:10:41]  TemplateLoader.findTemplateSource("pay_success.ftl"): Found
2063809 DEBUG [2019-08-14 20:10:41]  "pay_success.ftl"("zh_CN", UTF-8, parsed): using cached since E:\ShopMall\shopping-parent\shopping-pc-web\target\classes\templates\pay_success.ftl hasn't changed.
2063812 DEBUG [2019-08-14 20:10:41]  TemplateLoader.findTemplateSource("pay_success.html_zh_CN.ftl"): Not found
2063813 DEBUG [2019-08-14 20:10:41]  TemplateLoader.findTemplateSource("pay_success.html_zh.ftl"): Not found
2063814 DEBUG [2019-08-14 20:10:41]  TemplateLoader.findTemplateSource("pay_success.html.ftl"): Not found
2063814 DEBUG [2019-08-14 20:10:41]  "pay_success.html.ftl"("zh_CN", UTF-8, parsed) no source found.
2063815 DEBUG [2019-08-14 20:10:41]  "pay_success.ftl"("zh_CN", UTF-8, parsed) cached copy not yet stale; using cached.
0    DEBUG [2019-08-14 20:26:17]  Couldn't find template in cache for "pay_success.ftl"("zh_CN", UTF-8, parsed); will try to load it.
4    DEBUG [2019-08-14 20:26:17]  TemplateLoader.findTemplateSource("pay_success_zh_CN.ftl"): Not found
7    DEBUG [2019-08-14 20:26:17]  TemplateLoader.findTemplateSource("pay_success_zh.ftl"): Not found
8    DEBUG [2019-08-14 20:26:17]  TemplateLoader.findTemplateSource("pay_success.ftl"): Found
9    DEBUG [2019-08-14 20:26:17]  Loading template for "pay_success.ftl"("zh_CN", UTF-8, parsed) from "E:\\ShopMall\\shopping-parent\\shopping-pc-web\\target\\classes\\templates\\pay_success.ftl"
88   DEBUG [2019-08-14 20:26:17]  "pay_success.ftl"("zh_CN", UTF-8, parsed) cached copy not yet stale; using cached.
203102 DEBUG [2019-08-14 20:29:40]  Couldn't find template in cache for "success.ftl"("zh_CN", UTF-8, parsed); will try to load it.
203104 DEBUG [2019-08-14 20:29:40]  TemplateLoader.findTemplateSource("success_zh_CN.ftl"): Not found
203105 DEBUG [2019-08-14 20:29:40]  TemplateLoader.findTemplateSource("success_zh.ftl"): Not found
203105 DEBUG [2019-08-14 20:29:40]  TemplateLoader.findTemplateSource("success.ftl"): Not found
0    DEBUG [2019-08-14 23:48:56]  Couldn't find template in cache for "success.ftl"("zh_CN", UTF-8, parsed); will try to load it.
3    DEBUG [2019-08-14 23:48:56]  TemplateLoader.findTemplateSource("success_zh_CN.ftl"): Not found
6    DEBUG [2019-08-14 23:48:56]  TemplateLoader.findTemplateSource("success_zh.ftl"): Not found
6    DEBUG [2019-08-14 23:48:56]  TemplateLoader.findTemplateSource("success.ftl"): Not found
35711 DEBUG [2019-08-14 23:49:32]  Couldn't find template in cache for "pay_success.ftl"("zh_CN", UTF-8, parsed); will try to load it.
35713 DEBUG [2019-08-14 23:49:32]  TemplateLoader.findTemplateSource("pay_success_zh_CN.ftl"): Not found
35713 DEBUG [2019-08-14 23:49:32]  TemplateLoader.findTemplateSource("pay_success_zh.ftl"): Not found
35714 DEBUG [2019-08-14 23:49:32]  TemplateLoader.findTemplateSource("pay_success.ftl"): Found
35716 DEBUG [2019-08-14 23:49:32]  Loading template for "pay_success.ftl"("zh_CN", UTF-8, parsed) from "E:\\ShopMall\\shopping-parent\\shopping-pc-web\\target\\classes\\templates\\pay_success.ftl"
35880 DEBUG [2019-08-14 23:49:32]  "pay_success.ftl"("zh_CN", UTF-8, parsed) cached copy not yet stale; using cached.
